For Data sortData/intnum_1000
clocks ticks per second: 1000000

Time taken by std::sort: 5 clicks,  5e-06 seconds

Time taken by AiHa Sort: 22 clicks,  2.2e-05 seconds

Time taken by counting Sort: 46 clicks,  4.6e-05 seconds

Time taken by Radix Sort: 144 clicks,  0.000144 seconds

Time taken by Merge Sort: 106 clicks,  0.000106 seconds

Time taken by Quick Sort: 43 clicks,  4.3e-05 seconds

Time taken by Insertion Sort: 4005 clicks,  0.004005 seconds

Time taken by Selection Sort: 1993 clicks,  0.001993 seconds

Time taken by Bubble Sort: 5302 clicks,  0.005302 seconds


 Test Passed
 

For Data sortData/intnum_10000
clocks ticks per second: 1000000

Time taken by std::sort: 20 clicks,  2e-05 seconds

Time taken by AiHa Sort: 214 clicks,  0.000214 seconds

Time taken by counting Sort: 397 clicks,  0.000397 seconds

Time taken by Radix Sort: 1683 clicks,  0.001683 seconds

Time taken by Merge Sort: 1213 clicks,  0.001213 seconds

Time taken by Quick Sort: 657 clicks,  0.000657 seconds

Time taken by Insertion Sort: 401491 clicks,  0.401491 seconds

Time taken by Selection Sort: 190449 clicks,  0.190449 seconds

Time taken by Bubble Sort: 481161 clicks,  0.481161 seconds


 Test Passed
 

For Data sortData/intnum_100T
clocks ticks per second: 1000000

Time taken by std::sort: 150 clicks,  0.00015 seconds

Time taken by AiHa Sort: 2811 clicks,  0.002811 seconds

Time taken by counting Sort: 4838 clicks,  0.004838 seconds

Time taken by Radix Sort: 22138 clicks,  0.022138 seconds

Time taken by Merge Sort: 14327 clicks,  0.014327 seconds

Time taken by Quick Sort: 4925 clicks,  0.004925 seconds

Time taken by Insertion Sort: 42228706 clicks,  42.2287 seconds

Time taken by Selection Sort: 18879482 clicks,  18.8795 seconds

Time taken by Bubble Sort: 46034800 clicks,  46.0348 seconds


 Test Passed
 

For Data sortData/intnum_rand_1000
clocks ticks per second: 1000000

Time taken by std::sort: 35 clicks,  3.5e-05 seconds

Time taken by AiHa Sort: 9072 clicks,  0.009072 seconds

Time taken by counting Sort: 8122 clicks,  0.008122 seconds

Time taken by Radix Sort: 252 clicks,  0.000252 seconds

Time taken by Merge Sort: 170 clicks,  0.00017 seconds

Time taken by Quick Sort: 110 clicks,  0.00011 seconds

Time taken by Insertion Sort: 2834 clicks,  0.002834 seconds

Time taken by Selection Sort: 1814 clicks,  0.001814 seconds

Time taken by Bubble Sort: 3558 clicks,  0.003558 seconds


 Test Passed
 

For Data sortData/intnum_rand_100T
clocks ticks per second: 1000000

Time taken by std::sort: 2082 clicks,  0.002082 seconds

Time taken by AiHa Sort: 1173 clicks,  0.001173 seconds

Time taken by counting Sort: 3098 clicks,  0.003098 seconds

Time taken by Radix Sort: 11833 clicks,  0.011833 seconds

Time taken by Merge Sort: 20244 clicks,  0.020244 seconds

Time taken by Quick Sort: 12031 clicks,  0.012031 seconds

Time taken by Insertion Sort: 29410929 clicks,  29.4109 seconds

Time taken by Selection Sort: 18220527 clicks,  18.2205 seconds

Time taken by Bubble Sort: 49369413 clicks,  49.3694 seconds


 Test Passed
 

For Data sortData/intnum_mil
clocks ticks per second: 1000000

Time taken by std::sort: 1527 clicks,  0.001527 seconds

Time taken by AiHa Sort: 19726 clicks,  0.019726 seconds

Time taken by counting Sort: 44827 clicks,  0.044827 seconds

Time taken by Radix Sort: 258277 clicks,  0.258277 seconds

Time taken by Merge Sort: 179733 clicks,  0.179733 seconds

Time taken by Quick Sort: 58563 clicks,  0.058563 seconds


For Data sortData/intnum_rand_1M
clocks ticks per second: 1000000

Time taken by std::sort: 64020 clicks,  0.06402 seconds

Time taken by AiHa Sort: 42322 clicks,  0.042322 seconds

Time taken by counting Sort: 88617 clicks,  0.088617 seconds

Time taken by Radix Sort: 228837 clicks,  0.228837 seconds

Time taken by Merge Sort: 302367 clicks,  0.302367 seconds

Time taken by Quick Sort: 200555 clicks,  0.200555 seconds




